0 info it worked if it ends with ok
1 verbose cli [ '/usr/local/Cellar/node/0.10.26/bin/node',
1 verbose cli   '/usr/local/bin/npm',
1 verbose cli   'i',
1 verbose cli   '-g',
1 verbose cli   'ios-sim' ]
2 info using npm@1.4.3
3 info using node@v0.10.26
4 verbose cache add [ 'ios-sim', null ]
5 verbose cache add name=undefined spec="ios-sim" args=["ios-sim",null]
6 verbose parsed url { protocol: null,
6 verbose parsed url   slashes: null,
6 verbose parsed url   auth: null,
6 verbose parsed url   host: null,
6 verbose parsed url   port: null,
6 verbose parsed url   hostname: null,
6 verbose parsed url   hash: null,
6 verbose parsed url   search: null,
6 verbose parsed url   query: null,
6 verbose parsed url   pathname: 'ios-sim',
6 verbose parsed url   path: 'ios-sim',
6 verbose parsed url   href: 'ios-sim' }
7 silly lockFile 6af69284-ios-sim ios-sim
8 verbose lock ios-sim /Users/Tyler/.npm/6af69284-ios-sim.lock
9 silly lockFile 6af69284-ios-sim ios-sim
10 silly lockFile 6af69284-ios-sim ios-sim
11 verbose addNamed [ 'ios-sim', '' ]
12 verbose addNamed [ null, '*' ]
13 silly lockFile 03dce7cc-ios-sim ios-sim@
14 verbose lock ios-sim@ /Users/Tyler/.npm/03dce7cc-ios-sim.lock
15 silly addNameRange { name: 'ios-sim', range: '*', hasData: false }
16 verbose url raw ios-sim
17 verbose url resolving [ 'https://registry.npmjs.org/', './ios-sim' ]
18 verbose url resolved https://registry.npmjs.org/ios-sim
19 info trying registry request attempt 1 at 15:58:23
20 verbose etag "EY1TWYT31IWYNYGYFSOIWUW8P"
21 http GET https://registry.npmjs.org/ios-sim
22 http 304 https://registry.npmjs.org/ios-sim
23 silly registry.get cb [ 304,
23 silly registry.get   { date: 'Wed, 20 Aug 2014 22:58:24 GMT',
23 silly registry.get     server: 'Apache',
23 silly registry.get     via: '1.1 varnish',
23 silly registry.get     'last-modified': 'Wed, 20 Aug 2014 22:58:24 GMT',
23 silly registry.get     'cache-control': 'max-age=60',
23 silly registry.get     etag: '"EY1TWYT31IWYNYGYFSOIWUW8P"',
23 silly registry.get     'x-served-by': 'cache-lax1421-LAX',
23 silly registry.get     'x-cache': 'HIT',
23 silly registry.get     'x-cache-hits': '1',
23 silly registry.get     'x-timer': 'S1408575504.307962,VS0,VE72',
23 silly registry.get     vary: 'Accept',
23 silly registry.get     'content-length': '0',
23 silly registry.get     'keep-alive': 'timeout=10, max=50',
23 silly registry.get     connection: 'Keep-Alive' } ]
24 verbose etag ios-sim from cache
25 silly addNameRange number 2 { name: 'ios-sim', range: '*', hasData: true }
26 silly addNameRange versions [ 'ios-sim',
26 silly addNameRange   [ '1.8.0', '1.8.1', '1.8.2', '1.9.0', '2.0.0', '2.0.1' ] ]
27 verbose addNamed [ 'ios-sim', '2.0.1' ]
28 verbose addNamed [ '2.0.1', '2.0.1' ]
29 silly lockFile c13d98a8-ios-sim-2-0-1 ios-sim@2.0.1
30 verbose lock ios-sim@2.0.1 /Users/Tyler/.npm/c13d98a8-ios-sim-2-0-1.lock
31 silly lockFile c13d98a8-ios-sim-2-0-1 ios-sim@2.0.1
32 silly lockFile c13d98a8-ios-sim-2-0-1 ios-sim@2.0.1
33 silly lockFile 03dce7cc-ios-sim ios-sim@
34 silly lockFile 03dce7cc-ios-sim ios-sim@
35 silly resolved [ { name: 'ios-sim',
35 silly resolved     version: '2.0.1',
35 silly resolved     description: 'launch iOS apps into the iOS Simulator from the command line (Xcode 5.1)',
35 silly resolved     main: 'ios-sim',
35 silly resolved     scripts: { preinstall: 'rake build' },
35 silly resolved     bin: { 'ios-sim': 'build/Release/ios-sim' },
35 silly resolved     repository: { type: 'git', url: 'https://github.com/phonegap/ios-sim' },
35 silly resolved     keywords: [ 'ios-sim', 'iOS Simulator' ],
35 silly resolved     author: { name: 'Landon Fuller, Jeff Haynie, Eloy Duran, Shazron Abdullah' },
35 silly resolved     license: 'MIT',
35 silly resolved     readme: 'ios-sim\n=======\n\nThe ios-sim tool is a command-line utility that launches an iOS application on\nthe iOS Simulator. This allows for niceties such as automated testing without\nhaving to open XCode.\n\nFeatures\n--------\n\n* Choose the device family to simulate, i.e. iPhone or iPad.\n* Setup environment variables.\n* Pass arguments to the application.\n* See the stdout and stderr, or redirect them to files.\n\nSee the `--help` option for more info.\n\nUsage\n-----\n\n```\nUsage: ios-sim <command> <options> [--args ...]\n\nCommands:\n  showsdks                        List the available iOS SDK versions\n  launch <application path>       Launch the application at the specified path on the iOS Simulator\n  start                           Launch iOS Simulator without an app\n\nOptions:\n  --version                       Print the version of ios-sim\n  --help                          Show this help text\n  --verbose                       Set the output level to verbose\n  --exit                          Exit after startup\n  --debug                         Attach LLDB to the application on startup\n  --use-gdb                       Use GDB instead of LLDB. (Requires --debug)\n  --sdk <sdkversion>              The iOS SDK version to run the application on (defaults to the latest)\n  --family <device family>        The device type that should be simulated (defaults to `iphone\')\n  --retina                        Start a retina device\n  --tall                          In combination with --retina flag, start the tall version of the retina device (e.g. iPhone 5 (4-inch))\n  --uuid <uuid>                   A UUID identifying the session (is that correct?)\n  --env <environment file path>   A plist file containing environment key-value pairs that should be set\n  --setenv NAME=VALUE             Set an environment variable\n  --stdout <stdout file path>     The path where stdout of the simulator will be redirected to (defaults to stdout of ios-sim)\n  --stderr <stderr file path>     The path where stderr of the simulator will be redirected to (defaults to stderr of ios-sim)\n  --timeout <seconds>             The timeout time to wait for a response from the Simulator. Default value: 30 seconds\n  --args <...>                    All following arguments will be passed on to the application\n```\n\nInstallation\n------------\n\nWith node.js (at least 0.10.20):\n\n    $ npm install ios-sim -g\n\nDownload an archive:\n\n    $ curl -L https://github.com/phonegap/ios-sim/zipball/2.0.0 -o ios-sim-2.0.0.zip\n    $ unzip ios-sim-2.0.0.zip\n\nOr from a git clone:\n\n    $ git clone git://github.com/phonegap/ios-sim.git\n\nThen build and install from the source root:\n\n    $ rake install prefix=/usr/local/\n\nTroubleshooting\n------------\n\nMake sure you enable Developer Mode on your machine:\n    \n    $ DevToolsSecurity -enable\n\nMake sure multiple instances of launchd_sim are not running:\n    \n    $ killall launchd_sim\n    \nDevelopment\n-----------\n\nWhen you want to release a version, do:\n\n    $ rake version:bump v=NEW_VERSION\n    $ rake release\n    $ npm version NEW_VERSION -m "Updated to npm version %s"\n    \ntmux\n-----\n\nTo get ios-sim to launch correctly within tmux use the reattach-to-user-namespace wrapper.\n\n```\nreattach-to-user-namespace ios-sim launch ./build/MyTestApp.app\n```\n*source:* https://github.com/ChrisJohnsen/tmux-MacOSX-pasteboard\n\n*brew:*  ```brew install reattach-to-user-namespace```\n\nLicense\n-------\n\nOriginal author: Landon Fuller <landonf@plausiblelabs.com>\nCopyright (c) 2008-2011 Plausible Labs Cooperative, Inc.\nAll rights reserved.\n\nThis project is available under the MIT license. See [LICENSE][license].\n\n[license]: https://github.com/phonegap/ios-sim/blob/master/LICENSE\n',
35 silly resolved     readmeFilename: 'README.md',
35 silly resolved     bugs: { url: 'https://github.com/phonegap/ios-sim/issues' },
35 silly resolved     homepage: 'https://github.com/phonegap/ios-sim',
35 silly resolved     _id: 'ios-sim@2.0.1',
35 silly resolved     _from: 'ios-sim@' } ]
36 info install ios-sim@2.0.1 into /usr/local/lib
37 info installOne ios-sim@2.0.1
38 info /usr/local/lib/node_modules/ios-sim unbuild
39 info preuninstall ios-sim@1.9.0
40 info uninstall ios-sim@1.9.0
41 verbose true,/usr/local/lib/node_modules,/usr/local/lib/node_modules unbuild ios-sim@1.9.0
42 verbose /usr/local/bin,[object Object] binRoot
43 info postuninstall ios-sim@1.9.0
44 verbose tar unpack /Users/Tyler/.npm/ios-sim/2.0.1/package.tgz
45 silly lockFile 5027580f-r-local-lib-node-modules-ios-sim tar:///usr/local/lib/node_modules/ios-sim
46 verbose lock tar:///usr/local/lib/node_modules/ios-sim /Users/Tyler/.npm/5027580f-r-local-lib-node-modules-ios-sim.lock
47 silly lockFile ec2c895c-er-npm-ios-sim-2-0-1-package-tgz tar:///Users/Tyler/.npm/ios-sim/2.0.1/package.tgz
48 verbose lock tar:///Users/Tyler/.npm/ios-sim/2.0.1/package.tgz /Users/Tyler/.npm/ec2c895c-er-npm-ios-sim-2-0-1-package-tgz.lock
49 silly gunzTarPerm modes [ '755', '644' ]
50 silly gunzTarPerm extractEntry package.json
51 silly gunzTarPerm extractEntry .npmignore
52 silly gunzTarPerm extractEntry README.md
53 silly gunzTarPerm extractEntry LICENSE
54 silly gunzTarPerm extractEntry CoreSimulator/CoreSimulator.h
55 silly gunzTarPerm extractEntry DVTiPhoneSimulatorRemoteClient/DVTiPhoneSimulatorRemoteClient.h
56 silly gunzTarPerm extractEntry CONTRIBUTING.md
57 silly gunzTarPerm extractEntry Rakefile
58 silly gunzTarPerm extractEntry Source/.npmignore
59 silly gunzTarPerm extractEntry Source/NSString+expandPath.h
60 silly gunzTarPerm extractEntry Source/NSString+expandPath.m
61 silly gunzTarPerm extractEntry Source/iPhoneSimulator.h
62 silly gunzTarPerm extractEntry Source/iPhoneSimulator.m
63 silly gunzTarPerm extractEntry Source/main.m
64 silly gunzTarPerm extractEntry Source/nsprintf.h
65 silly gunzTarPerm extractEntry Source/nsprintf.m
66 silly gunzTarPerm extractEntry Source/version.h
67 silly gunzTarPerm extractEntry ios-sim.xcodeproj/.npmignore
68 silly gunzTarPerm extractEntry ios-sim.xcodeproj/project.pbxproj
69 silly gunzTarPerm extractEntry ios-sim.xcodeproj/xcshareddata/xcschemes/ios-sim.xcscheme
70 silly gunzTarPerm extractEntry ios-sim_Prefix.pch
71 silly gunzTarPerm extractEntry README.template.md
72 silly lockFile 5027580f-r-local-lib-node-modules-ios-sim tar:///usr/local/lib/node_modules/ios-sim
73 silly lockFile 5027580f-r-local-lib-node-modules-ios-sim tar:///usr/local/lib/node_modules/ios-sim
74 silly lockFile ec2c895c-er-npm-ios-sim-2-0-1-package-tgz tar:///Users/Tyler/.npm/ios-sim/2.0.1/package.tgz
75 silly lockFile ec2c895c-er-npm-ios-sim-2-0-1-package-tgz tar:///Users/Tyler/.npm/ios-sim/2.0.1/package.tgz
76 info preinstall ios-sim@2.0.1
77 verbose unsafe-perm in lifecycle false
78 verbose readDependencies using package.json deps
79 verbose readDependencies using package.json deps
80 silly resolved []
81 verbose about to build /usr/local/lib/node_modules/ios-sim
82 info build /usr/local/lib/node_modules/ios-sim
83 verbose linkStuff [ true,
83 verbose linkStuff   '/usr/local/lib/node_modules',
83 verbose linkStuff   true,
83 verbose linkStuff   '/usr/local/lib/node_modules' ]
84 info linkStuff ios-sim@2.0.1
85 verbose linkBins ios-sim@2.0.1
86 verbose link bins [ { 'ios-sim': 'build/Release/ios-sim' },
86 verbose link bins   '/usr/local/bin',
86 verbose link bins   true ]
87 verbose linkMans ios-sim@2.0.1
88 verbose rebuildBundles ios-sim@2.0.1
89 info install ios-sim@2.0.1
90 info postinstall ios-sim@2.0.1
91 error peerinvalid The package generator-angular does not satisfy its siblings' peerDependencies requirements!
91 error peerinvalid Peer generator-angularfire@0.0.6 wants generator-angular@~0.7.1
92 error System Darwin 13.3.0
93 error command "/usr/local/Cellar/node/0.10.26/bin/node" "/usr/local/bin/npm" "i" "-g" "ios-sim"
94 error cwd /Users/Tyler/Development/doingfine-motion
95 error node -v v0.10.26
96 error npm -v 1.4.3
97 error code EPEERINVALID
98 verbose exit [ 1, true ]
